Flow report for Snake
Sat Apr 23 16:30:34 2016
Quartus Prime Version 15.1.0 Build 185 10/21/2015 SJ Lite Edition


---------------------
; Table of Contents ;
---------------------
  1. Legal Notice
  2. Flow Summary
  3. Flow Settings
  4. Flow Non-Default Global Settings
  5. Flow Elapsed Time
  6. Flow OS Summary
  7. Flow Log
  8. Flow Messages
  9. Flow Suppressed Messages



----------------
; Legal Notice ;
----------------
Copyright (C) 1991-2015 Altera Corporation. All rights reserved.
Your use of Altera Corporation's design tools, logic functions 
and other software and tools, and its AMPP partner logic 
functions, and any output files from any of the foregoing 
(including device programming or simulation files), and any 
associated documentation or information are expressly subject 
to the terms and conditions of the Altera Program License 
Subscription Agreement, the Altera Quartus Prime License Agreement,
the Altera MegaCore Function License Agreement, or other 
applicable license agreement, including, without limitation, 
that your use is for the sole purpose of programming logic 
devices manufactured by Altera and sold by Altera or its 
authorized distributors.  Please refer to the applicable 
agreement for further details.



+----------------------------------------------------------------------------------+
; Flow Summary                                                                     ;
+------------------------------------+---------------------------------------------+
; Flow Status                        ; Successful - Sat Apr 23 16:30:34 2016       ;
; Quartus Prime Version              ; 15.1.0 Build 185 10/21/2015 SJ Lite Edition ;
; Revision Name                      ; Snake                                       ;
; Top-level Entity Name              ; processor                                   ;
; Family                             ; Cyclone IV E                                ;
; Device                             ; EP4CE115F29C7                               ;
; Timing Models                      ; Final                                       ;
; Total logic elements               ; 4,101 / 114,480 ( 4 % )                     ;
;     Total combinational functions  ; 3,714 / 114,480 ( 3 % )                     ;
;     Dedicated logic registers      ; 2,093 / 114,480 ( 2 % )                     ;
; Total registers                    ; 2093                                        ;
; Total pins                         ; 277 / 529 ( 52 % )                          ;
; Total virtual pins                 ; 0                                           ;
; Total memory bits                  ; 262,144 / 3,981,312 ( 7 % )                 ;
; Embedded Multiplier 9-bit elements ; 0 / 532 ( 0 % )                             ;
; Total PLLs                         ; 0 / 4 ( 0 % )                               ;
+------------------------------------+---------------------------------------------+


+-----------------------------------------+
; Flow Settings                           ;
+-------------------+---------------------+
; Option            ; Setting             ;
+-------------------+---------------------+
; Start date & time ; 04/23/2016 15:57:39 ;
; Main task         ; Compilation         ;
; Revision Name     ; Snake               ;
+-------------------+---------------------+


+----------------------------------------------------------------------------------------------------------------------------+
; Flow Non-Default Global Settings                                                                                           ;
+-------------------------------------+---------------------------------------+---------------+-------------+----------------+
; Assignment Name                     ; Value                                 ; Default Value ; Entity Name ; Section Id     ;
+-------------------------------------+---------------------------------------+---------------+-------------+----------------+
; COMPILER_SIGNATURE_ID               ; 52239283373.146144145901868           ; --            ; --          ; --             ;
; EDA_OUTPUT_DATA_FORMAT              ; Vhdl                                  ; --            ; --          ; eda_simulation ;
; EDA_SIMULATION_TOOL                 ; ModelSim-Altera (VHDL)                ; <None>        ; --          ; --             ;
; MAX_CORE_JUNCTION_TEMP              ; 85                                    ; --            ; --          ; --             ;
; MIN_CORE_JUNCTION_TEMP              ; 0                                     ; --            ; --          ; --             ;
; PARTITION_COLOR                     ; 16764057                              ; --            ; processor   ; Top            ;
; PARTITION_FITTER_PRESERVATION_LEVEL ; PLACEMENT_AND_ROUTING                 ; --            ; processor   ; Top            ;
; PARTITION_NETLIST_TYPE              ; SOURCE                                ; --            ; processor   ; Top            ;
; POWER_BOARD_THERMAL_MODEL           ; None (CONSERVATIVE)                   ; --            ; --          ; --             ;
; POWER_PRESET_COOLING_SOLUTION       ; 23 MM HEAT SINK WITH 200 LFPM AIRFLOW ; --            ; --          ; --             ;
; TOP_LEVEL_ENTITY                    ; processor                             ; Snake         ; --          ; --             ;
+-------------------------------------+---------------------------------------+---------------+-------------+----------------+


+-------------------------------------------------------------------------------------------------------------------------------+
; Flow Elapsed Time                                                                                                             ;
+---------------------------+--------------+-------------------------+---------------------+------------------------------------+
; Module Name               ; Elapsed Time ; Average Processors Used ; Peak Virtual Memory ; Total CPU Time (on all processors) ;
+---------------------------+--------------+-------------------------+---------------------+------------------------------------+
; Analysis & Synthesis      ; 00:01:00     ; 1.0                     ; 898 MB              ; 00:00:54                           ;
; Fitter                    ; 00:02:06     ; 1.0                     ; 1367 MB             ; 00:01:58                           ;
; Assembler                 ; 00:00:08     ; 1.0                     ; 770 MB              ; 00:00:06                           ;
; TimeQuest Timing Analyzer ; 00:00:13     ; 1.0                     ; 937 MB              ; 00:00:09                           ;
; EDA Netlist Writer        ; 00:00:08     ; 1.0                     ; 786 MB              ; 00:00:07                           ;
; EDA Netlist Writer        ; 00:00:01     ; 1.0                     ; 727 MB              ; 00:00:01                           ;
; EDA Netlist Writer        ; 00:00:03     ; 1.0                     ; 729 MB              ; 00:00:02                           ;
; EDA Netlist Writer        ; 00:00:00     ; 1.0                     ; 727 MB              ; 00:00:01                           ;
; EDA Netlist Writer        ; 00:00:02     ; 1.0                     ; 728 MB              ; 00:00:02                           ;
; EDA Netlist Writer        ; 00:00:01     ; 1.0                     ; 727 MB              ; 00:00:01                           ;
; EDA Netlist Writer        ; 00:00:08     ; 1.0                     ; 772 MB              ; 00:00:06                           ;
; EDA Netlist Writer        ; 00:00:02     ; 1.0                     ; 723 MB              ; 00:00:01                           ;
; EDA Netlist Writer        ; 00:00:09     ; 1.0                     ; 772 MB              ; 00:00:06                           ;
; Total                     ; 00:04:01     ; --                      ; --                  ; 00:03:34                           ;
+---------------------------+--------------+-------------------------+---------------------+------------------------------------+


+----------------------------------------------------------------------------------------+
; Flow OS Summary                                                                        ;
+---------------------------+------------------+-----------+------------+----------------+
; Module Name               ; Machine Hostname ; OS Name   ; OS Version ; Processor type ;
+---------------------------+------------------+-----------+------------+----------------+
; Analysis & Synthesis      ; DESKTOP-K5AML7A  ; Windows 8 ; 6.2        ; x86_64         ;
; Fitter                    ; DESKTOP-K5AML7A  ; Windows 8 ; 6.2        ; x86_64         ;
; Assembler                 ; DESKTOP-K5AML7A  ; Windows 8 ; 6.2        ; x86_64         ;
; TimeQuest Timing Analyzer ; DESKTOP-K5AML7A  ; Windows 8 ; 6.2        ; x86_64         ;
; EDA Netlist Writer        ; DESKTOP-K5AML7A  ; Windows 8 ; 6.2        ; x86_64         ;
; EDA Netlist Writer        ; DESKTOP-K5AML7A  ; Windows 8 ; 6.2        ; x86_64         ;
; EDA Netlist Writer        ; DESKTOP-K5AML7A  ; Windows 8 ; 6.2        ; x86_64         ;
; EDA Netlist Writer        ; DESKTOP-K5AML7A  ; Windows 8 ; 6.2        ; x86_64         ;
; EDA Netlist Writer        ; DESKTOP-K5AML7A  ; Windows 8 ; 6.2        ; x86_64         ;
; EDA Netlist Writer        ; DESKTOP-K5AML7A  ; Windows 8 ; 6.2        ; x86_64         ;
; EDA Netlist Writer        ; DESKTOP-K5AML7A  ; Windows 8 ; 6.2        ; x86_64         ;
; EDA Netlist Writer        ; DESKTOP-K5AML7A  ; Windows 8 ; 6.2        ; x86_64         ;
; EDA Netlist Writer        ; DESKTOP-K5AML7A  ; Windows 8 ; 6.2        ; x86_64         ;
+---------------------------+------------------+-----------+------------+----------------+


------------
; Flow Log ;
------------
quartus_map --read_settings_files=on --write_settings_files=off Snake -c Snake
quartus_fit --read_settings_files=off --write_settings_files=off Snake -c Snake
quartus_asm --read_settings_files=off --write_settings_files=off Snake -c Snake
quartus_sta Snake -c Snake
quartus_eda --read_settings_files=off --write_settings_files=off Snake -c Snake
quartus_eda --gen_testbench --tool=modelsim_oem --format=verilog --write_settings_files=off Snake -c Snake --vector_source="C:/Users/Adithya Raghunathan/Desktop/ECE350/HW5FinalCheck/Snake/debugShootControl2.vwf" --testbench_file="C:/Users/Adithya Raghunathan/Desktop/ECE350/HW5FinalCheck/Snake/simulation/qsim/debugShootControl2.vwf.vt"
quartus_eda --write_settings_files=off --functional=on --flatten_buses=off --simulation=on --tool=modelsim_oem --format=verilog --output_directory="C:/Users/Adithya Raghunathan/Desktop/ECE350/HW5FinalCheck/Snake/simulation/qsim/" Snake -c Snake
quartus_eda --gen_testbench --tool=modelsim_oem --format=verilog --write_settings_files=off Snake -c Snake --vector_source="C:/Users/Adithya Raghunathan/Desktop/ECE350/HW5FinalCheck/Snake/debugShootControl2.vwf" --testbench_file="C:/Users/Adithya Raghunathan/Desktop/ECE350/HW5FinalCheck/Snake/simulation/qsim/debugShootControl2.vwf.vt"
quartus_eda --write_settings_files=off --functional=on --flatten_buses=off --simulation=on --tool=modelsim_oem --format=verilog --output_directory="C:/Users/Adithya Raghunathan/Desktop/ECE350/HW5FinalCheck/Snake/simulation/qsim/" Snake -c Snake
quartus_eda --gen_testbench --tool=modelsim_oem --format=verilog --write_settings_files=off Snake -c Snake --vector_source="C:/Users/Adithya Raghunathan/Desktop/ECE350/HW5FinalCheck/Snake/debugShootControl2.vwf" --testbench_file="C:/Users/Adithya Raghunathan/Desktop/ECE350/HW5FinalCheck/Snake/simulation/qsim/debugShootControl2.vwf.vt"
quartus_eda --write_settings_files=off --functional=off --flatten_buses=off --timescale=1ps --simulation=on --tool=modelsim_oem --format=verilog --output_directory="C:/Users/Adithya Raghunathan/Desktop/ECE350/HW5FinalCheck/Snake/simulation/qsim/" Snake -c Snake
quartus_eda --gen_testbench --tool=modelsim_oem --format=verilog --write_settings_files=off Snake -c Snake --vector_source="C:/Users/Adithya Raghunathan/Desktop/ECE350/HW5FinalCheck/Snake/debugShootControl2.vwf" --testbench_file="C:/Users/Adithya Raghunathan/Desktop/ECE350/HW5FinalCheck/Snake/simulation/qsim/debugShootControl2.vwf.vt"
quartus_eda --write_settings_files=off --functional=off --flatten_buses=off --timescale=1ps --simulation=on --tool=modelsim_oem --format=verilog --output_directory="C:/Users/Adithya Raghunathan/Desktop/ECE350/HW5FinalCheck/Snake/simulation/qsim/" Snake -c Snake



