Flow report for ra102_hw5
Thu Apr 21 23:41:05 2016
Quartus Prime Version 15.1.0 Build 185 10/21/2015 SJ Lite Edition


---------------------
; Table of Contents ;
---------------------
  1. Legal Notice
  2. Flow Summary
  3. Flow Settings
  4. Flow Non-Default Global Settings
  5. Flow Elapsed Time
  6. Flow OS Summary
  7. Flow Log
  8. Flow Messages
  9. Flow Suppressed Messages



----------------
; Legal Notice ;
----------------
Copyright (C) 1991-2015 Altera Corporation. All rights reserved.
Your use of Altera Corporation's design tools, logic functions 
and other software and tools, and its AMPP partner logic 
functions, and any output files from any of the foregoing 
(including device programming or simulation files), and any 
associated documentation or information are expressly subject 
to the terms and conditions of the Altera Program License 
Subscription Agreement, the Altera Quartus Prime License Agreement,
the Altera MegaCore Function License Agreement, or other 
applicable license agreement, including, without limitation, 
that your use is for the sole purpose of programming logic 
devices manufactured by Altera and sold by Altera or its 
authorized distributors.  Please refer to the applicable 
agreement for further details.



+----------------------------------------------------------------------------------+
; Flow Summary                                                                     ;
+------------------------------------+---------------------------------------------+
; Flow Status                        ; Successful - Thu Apr 21 23:41:05 2016       ;
; Quartus Prime Version              ; 15.1.0 Build 185 10/21/2015 SJ Lite Edition ;
; Revision Name                      ; ra102_hw5                                   ;
; Top-level Entity Name              ; skeleton                                    ;
; Family                             ; Cyclone IV E                                ;
; Device                             ; EP4CE115F29C7                               ;
; Timing Models                      ; Final                                       ;
; Total logic elements               ; 3,940 / 114,480 ( 3 % )                     ;
;     Total combinational functions  ; 3,594 / 114,480 ( 3 % )                     ;
;     Dedicated logic registers      ; 2,055 / 114,480 ( 2 % )                     ;
; Total registers                    ; 2055                                        ;
; Total pins                         ; 164 / 529 ( 31 % )                          ;
; Total virtual pins                 ; 0                                           ;
; Total memory bits                  ; 262,144 / 3,981,312 ( 7 % )                 ;
; Embedded Multiplier 9-bit elements ; 0 / 532 ( 0 % )                             ;
; Total PLLs                         ; 0 / 4 ( 0 % )                               ;
+------------------------------------+---------------------------------------------+


+-----------------------------------------+
; Flow Settings                           ;
+-------------------+---------------------+
; Option            ; Setting             ;
+-------------------+---------------------+
; Start date & time ; 04/21/2016 23:31:42 ;
; Main task         ; Compilation         ;
; Revision Name     ; ra102_hw5           ;
+-------------------+---------------------+


+--------------------------------------------------------------------------------------------------------------+
; Flow Non-Default Global Settings                                                                             ;
+-------------------------------------+-----------------------------+---------------+-------------+------------+
; Assignment Name                     ; Value                       ; Default Value ; Entity Name ; Section Id ;
+-------------------------------------+-----------------------------+---------------+-------------+------------+
; COMPILER_SIGNATURE_ID               ; 52239283373.146129590103336 ; --            ; --          ; --         ;
; EDA_SIMULATION_TOOL                 ; ModelSim-Altera (Verilog)   ; <None>        ; --          ; --         ;
; MAX_CORE_JUNCTION_TEMP              ; 85                          ; --            ; --          ; --         ;
; MIN_CORE_JUNCTION_TEMP              ; 0                           ; --            ; --          ; --         ;
; PARTITION_COLOR                     ; 16764057                    ; --            ; Snake       ; Top        ;
; PARTITION_COLOR                     ; 16764057                    ; --            ; skeleton    ; Top        ;
; PARTITION_FITTER_PRESERVATION_LEVEL ; PLACEMENT_AND_ROUTING       ; --            ; Snake       ; Top        ;
; PARTITION_FITTER_PRESERVATION_LEVEL ; PLACEMENT_AND_ROUTING       ; --            ; skeleton    ; Top        ;
; PARTITION_NETLIST_TYPE              ; SOURCE                      ; --            ; Snake       ; Top        ;
; PARTITION_NETLIST_TYPE              ; SOURCE                      ; --            ; skeleton    ; Top        ;
; PROJECT_OUTPUT_DIRECTORY            ; output_files                ; --            ; --          ; --         ;
; TOP_LEVEL_ENTITY                    ; skeleton                    ; ra102_hw5     ; --          ; --         ;
+-------------------------------------+-----------------------------+---------------+-------------+------------+


+-------------------------------------------------------------------------------------------------------------------------------+
; Flow Elapsed Time                                                                                                             ;
+---------------------------+--------------+-------------------------+---------------------+------------------------------------+
; Module Name               ; Elapsed Time ; Average Processors Used ; Peak Virtual Memory ; Total CPU Time (on all processors) ;
+---------------------------+--------------+-------------------------+---------------------+------------------------------------+
; Analysis & Synthesis      ; 00:01:09     ; 1.0                     ; 889 MB              ; 00:00:57                           ;
; Fitter                    ; 00:02:17     ; 1.0                     ; 1366 MB             ; 00:01:59                           ;
; Assembler                 ; 00:00:12     ; 1.0                     ; 771 MB              ; 00:00:08                           ;
; TimeQuest Timing Analyzer ; 00:00:38     ; 1.0                     ; 951 MB              ; 00:00:32                           ;
; EDA Netlist Writer        ; 00:00:16     ; 1.0                     ; 778 MB              ; 00:00:09                           ;
; EDA Netlist Writer        ; 00:00:01     ; 1.0                     ; 723 MB              ; 00:00:01                           ;
; EDA Netlist Writer        ; 00:00:02     ; 1.0                     ; 729 MB              ; 00:00:02                           ;
; Total                     ; 00:04:35     ; --                      ; --                  ; 00:03:48                           ;
+---------------------------+--------------+-------------------------+---------------------+------------------------------------+


+----------------------------------------------------------------------------------------+
; Flow OS Summary                                                                        ;
+---------------------------+------------------+-----------+------------+----------------+
; Module Name               ; Machine Hostname ; OS Name   ; OS Version ; Processor type ;
+---------------------------+------------------+-----------+------------+----------------+
; Analysis & Synthesis      ; DESKTOP-K5AML7A  ; Windows 8 ; 6.2        ; x86_64         ;
; Fitter                    ; DESKTOP-K5AML7A  ; Windows 8 ; 6.2        ; x86_64         ;
; Assembler                 ; DESKTOP-K5AML7A  ; Windows 8 ; 6.2        ; x86_64         ;
; TimeQuest Timing Analyzer ; DESKTOP-K5AML7A  ; Windows 8 ; 6.2        ; x86_64         ;
; EDA Netlist Writer        ; DESKTOP-K5AML7A  ; Windows 8 ; 6.2        ; x86_64         ;
; EDA Netlist Writer        ; DESKTOP-K5AML7A  ; Windows 8 ; 6.2        ; x86_64         ;
; EDA Netlist Writer        ; DESKTOP-K5AML7A  ; Windows 8 ; 6.2        ; x86_64         ;
+---------------------------+------------------+-----------+------------+----------------+


------------
; Flow Log ;
------------
quartus_map --read_settings_files=on --write_settings_files=off ra102_hw5 -c ra102_hw5
quartus_fit --read_settings_files=off --write_settings_files=off ra102_hw5 -c ra102_hw5
quartus_asm --read_settings_files=off --write_settings_files=off ra102_hw5 -c ra102_hw5
quartus_sta ra102_hw5 -c ra102_hw5
quartus_eda --read_settings_files=off --write_settings_files=off ra102_hw5 -c ra102_hw5
quartus_eda --gen_testbench --tool=modelsim_oem --format=verilog --write_settings_files=off ra102_hw5 -c ra102_hw5 --vector_source="C:/Users/Adithya Raghunathan/Desktop/ECE350/HW5FinalCheck/checkAgain.vwf" --testbench_file="C:/Users/Adithya Raghunathan/Desktop/ECE350/HW5FinalCheck/simulation/qsim/checkAgain.vwf.vt"
quartus_eda --write_settings_files=off --functional=on --flatten_buses=off --simulation=on --tool=modelsim_oem --format=verilog --output_directory="C:/Users/Adithya Raghunathan/Desktop/ECE350/HW5FinalCheck/simulation/qsim/" ra102_hw5 -c ra102_hw5



