Flow report for Galaga
Wed Apr 27 11:39:12 2016
Quartus Prime Version 15.1.0 Build 185 10/21/2015 SJ Lite Edition


---------------------
; Table of Contents ;
---------------------
  1. Legal Notice
  2. Flow Summary
  3. Flow Settings
  4. Flow Non-Default Global Settings
  5. Flow Elapsed Time
  6. Flow OS Summary
  7. Flow Log
  8. Flow Messages
  9. Flow Suppressed Messages



----------------
; Legal Notice ;
----------------
Copyright (C) 1991-2015 Altera Corporation. All rights reserved.
Your use of Altera Corporation's design tools, logic functions 
and other software and tools, and its AMPP partner logic 
functions, and any output files from any of the foregoing 
(including device programming or simulation files), and any 
associated documentation or information are expressly subject 
to the terms and conditions of the Altera Program License 
Subscription Agreement, the Altera Quartus Prime License Agreement,
the Altera MegaCore Function License Agreement, or other 
applicable license agreement, including, without limitation, 
that your use is for the sole purpose of programming logic 
devices manufactured by Altera and sold by Altera or its 
authorized distributors.  Please refer to the applicable 
agreement for further details.



+----------------------------------------------------------------------------------+
; Flow Summary                                                                     ;
+------------------------------------+---------------------------------------------+
; Flow Status                        ; Successful - Wed Apr 27 11:39:12 2016       ;
; Quartus Prime Version              ; 15.1.0 Build 185 10/21/2015 SJ Lite Edition ;
; Revision Name                      ; Galaga                                      ;
; Top-level Entity Name              ; integration                                 ;
; Family                             ; Cyclone IV E                                ;
; Device                             ; EP4CE115F29C7                               ;
; Timing Models                      ; Final                                       ;
; Total logic elements               ; 4,982 / 114,480 ( 4 % )                     ;
;     Total combinational functions  ; 4,486 / 114,480 ( 4 % )                     ;
;     Dedicated logic registers      ; 2,509 / 114,480 ( 2 % )                     ;
; Total registers                    ; 2509                                        ;
; Total pins                         ; 303 / 529 ( 57 % )                          ;
; Total virtual pins                 ; 0                                           ;
; Total memory bits                  ; 262,144 / 3,981,312 ( 7 % )                 ;
; Embedded Multiplier 9-bit elements ; 0 / 532 ( 0 % )                             ;
; Total PLLs                         ; 0 / 4 ( 0 % )                               ;
+------------------------------------+---------------------------------------------+


+-----------------------------------------+
; Flow Settings                           ;
+-------------------+---------------------+
; Option            ; Setting             ;
+-------------------+---------------------+
; Start date & time ; 04/27/2016 11:28:47 ;
; Main task         ; Compilation         ;
; Revision Name     ; Galaga              ;
+-------------------+---------------------+


+-------------------------------------------------------------------------------------------------------------------------------+
; Flow Non-Default Global Settings                                                                                              ;
+-------------------------------------+---------------------------------+---------------+----------------------+----------------+
; Assignment Name                     ; Value                           ; Default Value ; Entity Name          ; Section Id     ;
+-------------------------------------+---------------------------------+---------------+----------------------+----------------+
; COMPILER_SIGNATURE_ID               ; 102120453619858.146177092709908 ; --            ; --                   ; --             ;
; EDA_OUTPUT_DATA_FORMAT              ; Vhdl                            ; --            ; --                   ; eda_simulation ;
; EDA_SIMULATION_TOOL                 ; ModelSim-Altera (VHDL)          ; <None>        ; --                   ; --             ;
; MAX_CORE_JUNCTION_TEMP              ; 85                              ; --            ; --                   ; --             ;
; MIN_CORE_JUNCTION_TEMP              ; 0                               ; --            ; --                   ; --             ;
; MISC_FILE                           ; imem_inst.v                     ; --            ; --                   ; --             ;
; MISC_FILE                           ; imem.cmp                        ; --            ; --                   ; --             ;
; MISC_FILE                           ; dmem_inst.v                     ; --            ; --                   ; --             ;
; MISC_FILE                           ; dmem.cmp                        ; --            ; --                   ; --             ;
; NOMINAL_CORE_SUPPLY_VOLTAGE         ; 1.2V                            ; --            ; --                   ; --             ;
; PARTITION_COLOR                     ; 16764057                        ; --            ; integration          ; Top            ;
; PARTITION_COLOR                     ; 16764057                        ; --            ; integrationRecovered ; Top            ;
; PARTITION_FITTER_PRESERVATION_LEVEL ; PLACEMENT_AND_ROUTING           ; --            ; integration          ; Top            ;
; PARTITION_FITTER_PRESERVATION_LEVEL ; PLACEMENT_AND_ROUTING           ; --            ; integrationRecovered ; Top            ;
; PARTITION_NETLIST_TYPE              ; SOURCE                          ; --            ; integration          ; Top            ;
; PARTITION_NETLIST_TYPE              ; SOURCE                          ; --            ; integrationRecovered ; Top            ;
; PROJECT_OUTPUT_DIRECTORY            ; output_files                    ; --            ; --                   ; --             ;
; TOP_LEVEL_ENTITY                    ; integration                     ; Galaga        ; --                   ; --             ;
+-------------------------------------+---------------------------------+---------------+----------------------+----------------+


+-------------------------------------------------------------------------------------------------------------------------------+
; Flow Elapsed Time                                                                                                             ;
+---------------------------+--------------+-------------------------+---------------------+------------------------------------+
; Module Name               ; Elapsed Time ; Average Processors Used ; Peak Virtual Memory ; Total CPU Time (on all processors) ;
+---------------------------+--------------+-------------------------+---------------------+------------------------------------+
; Analysis & Synthesis      ; 00:01:51     ; 1.0                     ; 883 MB              ; 00:02:26                           ;
; Fitter                    ; 00:05:50     ; 1.0                     ; 1543 MB             ; 00:07:21                           ;
; Assembler                 ; 00:00:22     ; 1.0                     ; 770 MB              ; 00:00:21                           ;
; TimeQuest Timing Analyzer ; 00:00:31     ; 1.4                     ; 970 MB              ; 00:00:35                           ;
; EDA Netlist Writer        ; 00:00:33     ; 1.0                     ; 781 MB              ; 00:00:30                           ;
; Total                     ; 00:09:07     ; --                      ; --                  ; 00:11:13                           ;
+---------------------------+--------------+-------------------------+---------------------+------------------------------------+


+----------------------------------------------------------------------------------------+
; Flow OS Summary                                                                        ;
+---------------------------+------------------+-----------+------------+----------------+
; Module Name               ; Machine Hostname ; OS Name   ; OS Version ; Processor type ;
+---------------------------+------------------+-----------+------------+----------------+
; Analysis & Synthesis      ; DESKTOP-A88QUL8  ; Windows 8 ; 6.2        ; x86_64         ;
; Fitter                    ; DESKTOP-A88QUL8  ; Windows 8 ; 6.2        ; x86_64         ;
; Assembler                 ; DESKTOP-A88QUL8  ; Windows 8 ; 6.2        ; x86_64         ;
; TimeQuest Timing Analyzer ; DESKTOP-A88QUL8  ; Windows 8 ; 6.2        ; x86_64         ;
; EDA Netlist Writer        ; DESKTOP-A88QUL8  ; Windows 8 ; 6.2        ; x86_64         ;
+---------------------------+------------------+-----------+------------+----------------+


------------
; Flow Log ;
------------
quartus_map --read_settings_files=on --write_settings_files=off Galaga -c Galaga
quartus_fit --read_settings_files=off --write_settings_files=off Galaga -c Galaga
quartus_asm --read_settings_files=off --write_settings_files=off Galaga -c Galaga
quartus_sta Galaga -c Galaga
quartus_eda --read_settings_files=off --write_settings_files=off Galaga -c Galaga



